<?xml version="1.0" encoding="UTF-8"?>
<robot generator="Robot 5.0.1 (Python 3.10.7 on darwin)" generated="20221009 20:18:26.012" rpa="false" schemaversion="3">
<suite id="s1" name="Suite02" source="/Users/carol/Documents/GitHub/Cursos_QA/PHA/pha-robot/test/suite02.robot">
<kw name="abrir navegador" library="kws_test" type="SETUP">
<kw name="Open Browser" library="SeleniumLibrary">
<arg>https://learningprime.com.br/</arg>
<arg>chrome</arg>
<doc>Opens a new browser instance to the optional ``url``.</doc>
<msg timestamp="20221009 20:18:26.089" level="INFO">Opening browser 'chrome' to base url 'https://learningprime.com.br/'.</msg>
<msg timestamp="20221009 20:18:26.095" level="INFO">Cannot capture screenshot because no browser is open.</msg>
<msg timestamp="20221009 20:18:26.096" level="FAIL">WebDriverException: Message: 'chromedriver' executable needs to be in PATH. Please see https://chromedriver.chromium.org/home
</msg>
<status status="FAIL" starttime="20221009 20:18:26.089" endtime="20221009 20:18:26.099"/>
</kw>
<status status="FAIL" starttime="20221009 20:18:26.088" endtime="20221009 20:18:26.099"/>
</kw>
<test id="s1-t1" name="TEST CASE 02" line="14">
<tag>modulo_financas</tag>
<tag>modulo_vendas</tag>
<tag>tag02</tag>
<status status="FAIL" starttime="20221009 20:18:26.099" endtime="20221009 20:18:26.100">Parent suite setup failed:
WebDriverException: Message: 'chromedriver' executable needs to be in PATH. Please see https://chromedriver.chromium.org/home
</status>
</test>
<test id="s1-t2" name="TEST CASE 04" line="18">
<tag>modulo_financas</tag>
<tag>modulo_vendas</tag>
<tag>tag04</tag>
<status status="FAIL" starttime="20221009 20:18:26.100" endtime="20221009 20:18:26.100">Parent suite setup failed:
WebDriverException: Message: 'chromedriver' executable needs to be in PATH. Please see https://chromedriver.chromium.org/home
</status>
</test>
<test id="s1-t3" name="TEST CASE 06" line="22">
<tag>modulo_financas</tag>
<tag>modulo_vendas</tag>
<tag>tag06</tag>
<status status="FAIL" starttime="20221009 20:18:26.101" endtime="20221009 20:18:26.101">Parent suite setup failed:
WebDriverException: Message: 'chromedriver' executable needs to be in PATH. Please see https://chromedriver.chromium.org/home
</status>
</test>
<kw name="fechar navegador" library="kws_test" type="TEARDOWN">
<kw name="Close Browser" library="SeleniumLibrary">
<doc>Closes the current browser.</doc>
<status status="PASS" starttime="20221009 20:18:26.102" endtime="20221009 20:18:26.102"/>
</kw>
<status status="PASS" starttime="20221009 20:18:26.102" endtime="20221009 20:18:26.102"/>
</kw>
<doc>segundo teste em robot</doc>
<status status="FAIL" starttime="20221009 20:18:26.014" endtime="20221009 20:18:26.102">Suite setup failed:
WebDriverException: Message: 'chromedriver' executable needs to be in PATH. Please see https://chromedriver.chromium.org/home
</status>
</suite>
<statistics>
<total>
<stat pass="0" fail="3" skip="0">All Tests</stat>
</total>
<tag>
<stat pass="0" fail="3" skip="0">modulo_financas</stat>
<stat pass="0" fail="3" skip="0">modulo_vendas</stat>
<stat pass="0" fail="1" skip="0">tag02</stat>
<stat pass="0" fail="1" skip="0">tag04</stat>
<stat pass="0" fail="1" skip="0">tag06</stat>
</tag>
<suite>
<stat pass="0" fail="3" skip="0" id="s1" name="Suite02">Suite02</stat>
</suite>
</statistics>
<errors>
</errors>
</robot>
